<?xml version="1.0" encoding="UTF-8"?>
<!-- Generated by org.testng.reporters.JUnitReportReporter -->
<testsuite hostname="KsirosHW0423" failures="0" tests="1" name="com.testProject.App" time="14.229" errors="0" timestamp="2022-08-03T14:21:09 IST" skipped="0">
  <testcase classname="com.testProject.App" name="startTest" time="14.229"/>
  <system-out/>
</testsuite> <!-- com.testProject.App -->
