<?xml version="1.0" encoding="UTF-8"?>
<!-- Generated by org.testng.reporters.JUnitReportReporter -->
<testsuite hostname="KsirosHW0423" failures="0" tests="1" name="com.testProject.App" time="12.466" errors="0" timestamp="2022-08-05T14:57:50 IST" skipped="0">
  <testcase classname="com.testProject.App" name="startTest" time="12.466"/>
  <system-out/>
</testsuite> <!-- com.testProject.App -->
